Added Component: Designator=ALIMENTACION(MOLEX3)
Added Component: Designator=C1E1(0805)
Added Component: Designator=C1E2(0805)
Added Component: Designator=C1E3(0805)
Added Component: Designator=C1E4(0805)
Added Component: Designator=C1E5(0805)
Added Component: Designator=C2E2(0805)
Added Component: Designator=C2E2(0805)
Added Component: Designator=C2E3(0805)
Added Component: Designator=C2E4(0805)
Added Component: Designator=C2E5(0805)
Added Component: Designator=CD1(0805)
Added Component: Designator=CD2(0805)
Added Component: Designator=CD3(0805)
Added Component: Designator=CD4(0805)
Added Component: Designator=IN(MOLEX2)
Added Component: Designator=OUT(MOLEX2)
Added Component: Designator=R1E1(0805)
Added Component: Designator=R1E2(0805)
Added Component: Designator=R1E3(0805)
Added Component: Designator=R1E4(0805)
Added Component: Designator=R1E5(0805)
Added Component: Designator=R2E1(0805)
Added Component: Designator=R2E2(0805)
Added Component: Designator=R2E3(0805)
Added Component: Designator=R2E4(0805)
Added Component: Designator=R2E5(0805)
Added Component: Designator=U1(TI-N14)
Added Component: Designator=U?2(TI-P8)
Added Pin To Net: NetName=-VCC Pin=ALIMENTACION-1
Added Pin To Net: NetName=-VCC Pin=CD3-1
Added Pin To Net: NetName=-VCC Pin=CD4-1
Added Pin To Net: NetName=-VCC Pin=U1-11
Added Pin To Net: NetName=-VCC Pin=U?2-4
Added Net: Name=-VCC
Added Pin To Net: NetName=GND Pin=ALIMENTACION-2
Added Pin To Net: NetName=GND Pin=C2E2-2
Added Pin To Net: NetName=GND Pin=C2E2-2
Added Pin To Net: NetName=GND Pin=C2E3-2
Added Pin To Net: NetName=GND Pin=C2E4-2
Added Pin To Net: NetName=GND Pin=C2E5-2
Added Pin To Net: NetName=GND Pin=CD1-2
Added Pin To Net: NetName=GND Pin=CD2-2
Added Pin To Net: NetName=GND Pin=CD3-2
Added Pin To Net: NetName=GND Pin=CD4-2
Added Pin To Net: NetName=GND Pin=IN-1
Added Pin To Net: NetName=GND Pin=OUT-2
Added Net: Name=GND
Added Pin To Net: NetName=NetC1E1_1 Pin=C1E1-1
Added Pin To Net: NetName=NetC1E1_1 Pin=R2E1-2
Added Pin To Net: NetName=NetC1E1_1 Pin=U1-3
Added Net: Name=NetC1E1_1
Added Pin To Net: NetName=NetC1E1_2 Pin=C1E1-2
Added Pin To Net: NetName=NetC1E1_2 Pin=R1E2-1
Added Pin To Net: NetName=NetC1E1_2 Pin=U1-1
Added Pin To Net: NetName=NetC1E1_2 Pin=U1-2
Added Net: Name=NetC1E1_2
Added Pin To Net: NetName=NetC1E2_1 Pin=C1E2-1
Added Pin To Net: NetName=NetC1E2_1 Pin=R2E2-2
Added Pin To Net: NetName=NetC1E2_1 Pin=U1-5
Added Net: Name=NetC1E2_1
Added Pin To Net: NetName=NetC1E2_2 Pin=C1E2-2
Added Pin To Net: NetName=NetC1E2_2 Pin=R1E3-1
Added Pin To Net: NetName=NetC1E2_2 Pin=U1-6
Added Pin To Net: NetName=NetC1E2_2 Pin=U1-7
Added Net: Name=NetC1E2_2
Added Pin To Net: NetName=NetC1E3_1 Pin=C1E3-1
Added Pin To Net: NetName=NetC1E3_1 Pin=R2E3-2
Added Pin To Net: NetName=NetC1E3_1 Pin=U1-10
Added Net: Name=NetC1E3_1
Added Pin To Net: NetName=NetC1E3_2 Pin=C1E3-2
Added Pin To Net: NetName=NetC1E3_2 Pin=R1E4-1
Added Pin To Net: NetName=NetC1E3_2 Pin=U1-8
Added Pin To Net: NetName=NetC1E3_2 Pin=U1-9
Added Net: Name=NetC1E3_2
Added Pin To Net: NetName=NetC1E4_1 Pin=C1E4-1
Added Pin To Net: NetName=NetC1E4_1 Pin=R2E4-2
Added Pin To Net: NetName=NetC1E4_1 Pin=U1-12
Added Net: Name=NetC1E4_1
Added Pin To Net: NetName=NetC1E4_2 Pin=C1E4-2
Added Pin To Net: NetName=NetC1E4_2 Pin=R1E5-1
Added Pin To Net: NetName=NetC1E4_2 Pin=U1-13
Added Pin To Net: NetName=NetC1E4_2 Pin=U1-14
Added Net: Name=NetC1E4_2
Added Pin To Net: NetName=NetC1E5_1 Pin=C1E5-1
Added Pin To Net: NetName=NetC1E5_1 Pin=R2E5-2
Added Pin To Net: NetName=NetC1E5_1 Pin=U?2-3
Added Net: Name=NetC1E5_1
Added Pin To Net: NetName=NetC1E5_2 Pin=C1E5-2
Added Pin To Net: NetName=NetC1E5_2 Pin=OUT-1
Added Pin To Net: NetName=NetC1E5_2 Pin=U?2-2
Added Pin To Net: NetName=NetC1E5_2 Pin=U?2-6
Added Net: Name=NetC1E5_2
Added Pin To Net: NetName=NetC2E2_1 Pin=C2E2-1
Added Pin To Net: NetName=NetC2E2_1 Pin=R1E2-2
Added Pin To Net: NetName=NetC2E2_1 Pin=R2E2-1
Added Net: Name=NetC2E2_1
Added Pin To Net: NetName=NetC2E3_1 Pin=C2E3-1
Added Pin To Net: NetName=NetC2E3_1 Pin=R1E3-2
Added Pin To Net: NetName=NetC2E3_1 Pin=R2E3-1
Added Net: Name=NetC2E3_1
Added Pin To Net: NetName=NetC2E4_1 Pin=C2E4-1
Added Pin To Net: NetName=NetC2E4_1 Pin=R1E4-2
Added Pin To Net: NetName=NetC2E4_1 Pin=R2E4-1
Added Net: Name=NetC2E4_1
Added Pin To Net: NetName=NetC2E5_1 Pin=C2E5-1
Added Pin To Net: NetName=NetC2E5_1 Pin=R1E5-2
Added Pin To Net: NetName=NetC2E5_1 Pin=R2E5-1
Added Net: Name=NetC2E5_1
Added Pin To Net: NetName=NetIN_2 Pin=IN-2
Added Pin To Net: NetName=NetIN_2 Pin=R1E1-1
Added Net: Name=NetIN_2
Added Pin To Net: NetName=VCC Pin=ALIMENTACION-3
Added Pin To Net: NetName=VCC Pin=CD1-1
Added Pin To Net: NetName=VCC Pin=CD2-1
Added Pin To Net: NetName=VCC Pin=U1-4
Added Pin To Net: NetName=VCC Pin=U?2-7
Added Net: Name=VCC
Added Class: Name=Filtros
Added Room: Name=Filtros
